<?xml version="1.0"?>
<testsuites tests="9" failures="76">
  <testsuite name="examples/complex_project/features/scenarios/empty_feature.feature" tests="1" failures="3">
    <testcase classname="examples/complex_project/features/scenarios/empty_feature.feature" name="line: full_file" time="0" status="Instances: 1">
      <failure type="failure" message="Feature has no description. Instances: 1">Location: examples/complex_project/features/scenarios/empty_feature.feature</failure>
    </testcase>
    <testcase classname="examples/complex_project/features/scenarios/empty_feature.feature" name="line: full_file" time="0" status="Instances: 1">
      <failure type="failure" message="Feature with no scenarios. Instances: 1">Location: examples/complex_project/features/scenarios/empty_feature.feature</failure>
    </testcase>
    <testcase classname="examples/complex_project/features/scenarios/empty_feature.feature" name="line: full_file" time="0" status="Instances: 1">
      <failure type="failure" message="Feature file has no content. Instances: 1">Location: examples/complex_project/features/scenarios/empty_feature.feature</failure>
    </testcase>
  </testsuite>
  <testsuite name="examples/complex_project/features/scenarios/login.feature" tests="1" failures="28">
    <testcase classname="examples/complex_project/features/scenarios/login.feature" name="line: full_file" time="0" status="Instances: 1">
      <failure type="failure" message="Feature has numbers in the description. Instances: 1">Location: examples/complex_project/features/scenarios/login.feature</failure>
    </testcase>
    <testcase classname="examples/complex_project/features/scenarios/login.feature" name="line: full_file" time="0" status="Instances: 6">
      <failure type="failure" message="Same tag appears on both Feature and Scenario Instances: 6">Location: examples/complex_project/features/scenarios/login.feature</failure>
    </testcase>
    <testcase classname="examples/complex_project/features/scenarios/login.feature" name="line: full_file" time="0" status="Instances: 1">
      <failure type="failure" message="Tag appears on all scenarios. Instances: 1">Location: examples/complex_project/features/scenarios/login.feature</failure>
    </testcase>
    <testcase classname="examples/complex_project/features/scenarios/login.feature" name="line: full_file" time="0" status="Instances: 1">
      <failure type="failure" message="Feature has scenarios with the same name. Instances: 1">Location: examples/complex_project/features/scenarios/login.feature</failure>
    </testcase>
    <testcase classname="examples/complex_project/features/scenarios/login.feature" name="line: 6" time="0" status="Instances: 1">
      <failure type="failure" message="Given/When/Then used multiple times in the same Scenario. Instances: 1">Location: examples/complex_project/features/scenarios/login.feature:6</failure>
    </testcase>
    <testcase classname="examples/complex_project/features/scenarios/login.feature" name="line: 6" time="0" status="Instances: 2">
      <failure type="failure" message="Implementation word used: text box. Instances: 2">Location: examples/complex_project/features/scenarios/login.feature:6</failure>
    </testcase>
    <testcase classname="examples/complex_project/features/scenarios/login.feature" name="line: 6" time="0" status="Instances: 1">
      <failure type="failure" message="Implementation word used: page. Instances: 1">Location: examples/complex_project/features/scenarios/login.feature:6</failure>
    </testcase>
    <testcase classname="examples/complex_project/features/scenarios/login.feature" name="line: 6" time="0" status="Instances: 1">
      <failure type="failure" message="Implementation word used: button. Instances: 1">Location: examples/complex_project/features/scenarios/login.feature:6</failure>
    </testcase>
    <testcase classname="examples/complex_project/features/scenarios/login.feature" name="line: 14" time="0" status="Instances: 1">
      <failure type="failure" message="Given/When/Then used multiple times in the same Scenario. Instances: 1">Location: examples/complex_project/features/scenarios/login.feature:14</failure>
    </testcase>
    <testcase classname="examples/complex_project/features/scenarios/login.feature" name="line: 14" time="0" status="Instances: 2">
      <failure type="failure" message="Implementation word used: text box. Instances: 2">Location: examples/complex_project/features/scenarios/login.feature:14</failure>
    </testcase>
    <testcase classname="examples/complex_project/features/scenarios/login.feature" name="line: 14" time="0" status="Instances: 1">
      <failure type="failure" message="Implementation word used: screen. Instances: 1">Location: examples/complex_project/features/scenarios/login.feature:14</failure>
    </testcase>
    <testcase classname="examples/complex_project/features/scenarios/login.feature" name="line: 14" time="0" status="Instances: 1">
      <failure type="failure" message="Implementation word used: pop up. Instances: 1">Location: examples/complex_project/features/scenarios/login.feature:14</failure>
    </testcase>
    <testcase classname="examples/complex_project/features/scenarios/login.feature" name="line: 14" time="0" status="Instances: 1">
      <failure type="failure" message="Implementation word used: button. Instances: 1">Location: examples/complex_project/features/scenarios/login.feature:14</failure>
    </testcase>
    <testcase classname="examples/complex_project/features/scenarios/login.feature" name="line: 24" time="0" status="Instances: 1">
      <failure type="failure" message="Scenario steps out of Given/When/Then order. Instances: 1">Location: examples/complex_project/features/scenarios/login.feature:24</failure>
    </testcase>
    <testcase classname="examples/complex_project/features/scenarios/login.feature" name="line: 24" time="0" status="Instances: 1">
      <failure type="failure" message="Given/When/Then used multiple times in the same Scenario. Instances: 1">Location: examples/complex_project/features/scenarios/login.feature:24</failure>
    </testcase>
    <testcase classname="examples/complex_project/features/scenarios/login.feature" name="line: 24" time="0" status="Instances: 1">
      <failure type="failure" message="Implementation word used: page. Instances: 1">Location: examples/complex_project/features/scenarios/login.feature:24</failure>
    </testcase>
    <testcase classname="examples/complex_project/features/scenarios/login.feature" name="line: 24" time="0" status="Instances: 1">
      <failure type="failure" message="Implementation word used: click. Instances: 1">Location: examples/complex_project/features/scenarios/login.feature:24</failure>
    </testcase>
    <testcase classname="examples/complex_project/features/scenarios/login.feature" name="line: 24" time="0" status="Instances: 1">
      <failure type="failure" message="Implementation word used: button. Instances: 1">Location: examples/complex_project/features/scenarios/login.feature:24</failure>
    </testcase>
    <testcase classname="examples/complex_project/features/scenarios/login.feature" name="line: 35" time="0" status="Instances: 1">
      <failure type="failure" message="Scenario steps out of Given/When/Then order. Instances: 1">Location: examples/complex_project/features/scenarios/login.feature:35</failure>
    </testcase>
    <testcase classname="examples/complex_project/features/scenarios/login.feature" name="line: 35" time="0" status="Instances: 1">
      <failure type="failure" message="Given/When/Then used multiple times in the same Scenario. Instances: 1">Location: examples/complex_project/features/scenarios/login.feature:35</failure>
    </testcase>
    <testcase classname="examples/complex_project/features/scenarios/login.feature" name="line: 35" time="0" status="Instances: 1">
      <failure type="failure" message="Implementation word used: page. Instances: 1">Location: examples/complex_project/features/scenarios/login.feature:35</failure>
    </testcase>
    <testcase classname="examples/complex_project/features/scenarios/login.feature" name="line: 35" time="0" status="Instances: 1">
      <failure type="failure" message="Implementation word used: click. Instances: 1">Location: examples/complex_project/features/scenarios/login.feature:35</failure>
    </testcase>
    <testcase classname="examples/complex_project/features/scenarios/login.feature" name="line: 35" time="0" status="Instances: 1">
      <failure type="failure" message="Implementation word used: button. Instances: 1">Location: examples/complex_project/features/scenarios/login.feature:35</failure>
    </testcase>
    <testcase classname="examples/complex_project/features/scenarios/login.feature" name="line: 44" time="0" status="Instances: 1">
      <failure type="failure" message="Scenario has no description. Instances: 1">Location: examples/complex_project/features/scenarios/login.feature:44</failure>
    </testcase>
    <testcase classname="examples/complex_project/features/scenarios/login.feature" name="line: 44" time="0" status="Instances: 1">
      <failure type="failure" message="Scenario steps out of Given/When/Then order. Instances: 1">Location: examples/complex_project/features/scenarios/login.feature:44</failure>
    </testcase>
    <testcase classname="examples/complex_project/features/scenarios/login.feature" name="line: 44" time="0" status="Instances: 1">
      <failure type="failure" message="Scenario Outline with only one example. Instances: 1">Location: examples/complex_project/features/scenarios/login.feature:44</failure>
    </testcase>
    <testcase classname="examples/complex_project/features/scenarios/login.feature" name="line: 44" time="0" status="Instances: 1">
      <failure type="failure" message="Given/When/Then used multiple times in the same Scenario Outline. Instances: 1">Location: examples/complex_project/features/scenarios/login.feature:44</failure>
    </testcase>
    <testcase classname="examples/complex_project/features/scenarios/login.feature" name="line: 44" time="0" status="Instances: 2">
      <failure type="failure" message="Implementation word used: text box. Instances: 2">Location: examples/complex_project/features/scenarios/login.feature:44</failure>
    </testcase>
  </testsuite>
  <testsuite name="examples/complex_project/features/scenarios/RATE/KY/rate.feature" tests="1" failures="15">
    <testcase classname="examples/complex_project/features/scenarios/RATE/KY/rate.feature" name="line: full_file" time="0" status="Instances: 1">
      <failure type="failure" message="Feature has numbers in the description. Instances: 1">Location: examples/complex_project/features/scenarios/RATE/KY/rate.feature</failure>
    </testcase>
    <testcase classname="examples/complex_project/features/scenarios/RATE/KY/rate.feature" name="line: full_file" time="0" status="Instances: 6">
      <failure type="failure" message="Same tag appears on both Feature and Scenario Instances: 6">Location: examples/complex_project/features/scenarios/RATE/KY/rate.feature</failure>
    </testcase>
    <testcase classname="examples/complex_project/features/scenarios/RATE/KY/rate.feature" name="line: full_file" time="0" status="Instances: 1">
      <failure type="failure" message="There are commas in the description, creating possible multirunning scenarios or features. Instances: 1">Location: examples/complex_project/features/scenarios/RATE/KY/rate.feature</failure>
    </testcase>
    <testcase classname="examples/complex_project/features/scenarios/RATE/KY/rate.feature" name="line: full_file" time="0" status="Instances: 1">
      <failure type="failure" message="Feature has scenarios with the same name. Instances: 1">Location: examples/complex_project/features/scenarios/RATE/KY/rate.feature</failure>
    </testcase>
    <testcase classname="examples/complex_project/features/scenarios/RATE/KY/rate.feature" name="line: 5" time="0" status="Instances: 223">
      <failure type="failure" message="Commented example. Instances: 223">Location: examples/complex_project/features/scenarios/RATE/KY/rate.feature:5</failure>
    </testcase>
    <testcase classname="examples/complex_project/features/scenarios/RATE/KY/rate.feature" name="line: 5" time="0" status="Instances: 1">
      <failure type="failure" message="Scenario Outline with too many examples. Instances: 1">Location: examples/complex_project/features/scenarios/RATE/KY/rate.feature:5</failure>
    </testcase>
    <testcase classname="examples/complex_project/features/scenarios/RATE/KY/rate.feature" name="line: 514" time="0" status="Instances: 1">
      <failure type="failure" message="Scenario steps out of Given/When/Then order. Instances: 1">Location: examples/complex_project/features/scenarios/RATE/KY/rate.feature:514</failure>
    </testcase>
    <testcase classname="examples/complex_project/features/scenarios/RATE/KY/rate.feature" name="line: 518" time="0" status="Instances: 1">
      <failure type="failure" message="Scenario steps out of Given/When/Then order. Instances: 1">Location: examples/complex_project/features/scenarios/RATE/KY/rate.feature:518</failure>
    </testcase>
    <testcase classname="examples/complex_project/features/scenarios/RATE/KY/rate.feature" name="line: 522" time="0" status="Instances: 1">
      <failure type="failure" message="Scenario steps out of Given/When/Then order. Instances: 1">Location: examples/complex_project/features/scenarios/RATE/KY/rate.feature:522</failure>
    </testcase>
    <testcase classname="examples/complex_project/features/scenarios/RATE/KY/rate.feature" name="line: 526" time="0" status="Instances: 1">
      <failure type="failure" message="Scenario steps out of Given/When/Then order. Instances: 1">Location: examples/complex_project/features/scenarios/RATE/KY/rate.feature:526</failure>
    </testcase>
    <testcase classname="examples/complex_project/features/scenarios/RATE/KY/rate.feature" name="line: 530" time="0" status="Instances: 1">
      <failure type="failure" message="Scenario steps out of Given/When/Then order. Instances: 1">Location: examples/complex_project/features/scenarios/RATE/KY/rate.feature:530</failure>
    </testcase>
    <testcase classname="examples/complex_project/features/scenarios/RATE/KY/rate.feature" name="line: 534" time="0" status="Instances: 1">
      <failure type="failure" message="Scenario steps out of Given/When/Then order. Instances: 1">Location: examples/complex_project/features/scenarios/RATE/KY/rate.feature:534</failure>
    </testcase>
    <testcase classname="examples/complex_project/features/scenarios/RATE/KY/rate.feature" name="line: 534" time="0" status="Instances: 2">
      <failure type="failure" message="Implementation word used: screen. Instances: 2">Location: examples/complex_project/features/scenarios/RATE/KY/rate.feature:534</failure>
    </testcase>
    <testcase classname="examples/complex_project/features/scenarios/RATE/KY/rate.feature" name="line: 534" time="0" status="Instances: 1">
      <failure type="failure" message="Implementation word used: click. Instances: 1">Location: examples/complex_project/features/scenarios/RATE/KY/rate.feature:534</failure>
    </testcase>
    <testcase classname="examples/complex_project/features/scenarios/RATE/KY/rate.feature" name="line: 534" time="0" status="Instances: 1">
      <failure type="failure" message="Implementation word used: button. Instances: 1">Location: examples/complex_project/features/scenarios/RATE/KY/rate.feature:534</failure>
    </testcase>
  </testsuite>
  <testsuite name="examples/complex_project/features/scenarios/RATE/OH/rate.feature" tests="1" failures="15">
    <testcase classname="examples/complex_project/features/scenarios/RATE/OH/rate.feature" name="line: full_file" time="0" status="Instances: 1">
      <failure type="failure" message="Feature has numbers in the description. Instances: 1">Location: examples/complex_project/features/scenarios/RATE/OH/rate.feature</failure>
    </testcase>
    <testcase classname="examples/complex_project/features/scenarios/RATE/OH/rate.feature" name="line: full_file" time="0" status="Instances: 1">
      <failure type="failure" message="There are commas in the description, creating possible multirunning scenarios or features. Instances: 1">Location: examples/complex_project/features/scenarios/RATE/OH/rate.feature</failure>
    </testcase>
    <testcase classname="examples/complex_project/features/scenarios/RATE/OH/rate.feature" name="line: full_file" time="0" status="Instances: 1">
      <failure type="failure" message="Feature has scenarios with the same name. Instances: 1">Location: examples/complex_project/features/scenarios/RATE/OH/rate.feature</failure>
    </testcase>
    <testcase classname="examples/complex_project/features/scenarios/RATE/OH/rate.feature" name="line: 4" time="0" status="Instances: 1">
      <failure type="failure" message="Invalid first step. Began with And/But. Instances: 1">Location: examples/complex_project/features/scenarios/RATE/OH/rate.feature:4</failure>
    </testcase>
    <testcase classname="examples/complex_project/features/scenarios/RATE/OH/rate.feature" name="line: 10" time="0" status="Instances: 223">
      <failure type="failure" message="Commented example. Instances: 223">Location: examples/complex_project/features/scenarios/RATE/OH/rate.feature:10</failure>
    </testcase>
    <testcase classname="examples/complex_project/features/scenarios/RATE/OH/rate.feature" name="line: 10" time="0" status="Instances: 1">
      <failure type="failure" message="Scenario Outline with too many examples. Instances: 1">Location: examples/complex_project/features/scenarios/RATE/OH/rate.feature:10</failure>
    </testcase>
    <testcase classname="examples/complex_project/features/scenarios/RATE/OH/rate.feature" name="line: 520" time="0" status="Instances: 1">
      <failure type="failure" message="Scenario steps out of Given/When/Then order. Instances: 1">Location: examples/complex_project/features/scenarios/RATE/OH/rate.feature:520</failure>
    </testcase>
    <testcase classname="examples/complex_project/features/scenarios/RATE/OH/rate.feature" name="line: 524" time="0" status="Instances: 1">
      <failure type="failure" message="Scenario steps out of Given/When/Then order. Instances: 1">Location: examples/complex_project/features/scenarios/RATE/OH/rate.feature:524</failure>
    </testcase>
    <testcase classname="examples/complex_project/features/scenarios/RATE/OH/rate.feature" name="line: 528" time="0" status="Instances: 1">
      <failure type="failure" message="Scenario steps out of Given/When/Then order. Instances: 1">Location: examples/complex_project/features/scenarios/RATE/OH/rate.feature:528</failure>
    </testcase>
    <testcase classname="examples/complex_project/features/scenarios/RATE/OH/rate.feature" name="line: 532" time="0" status="Instances: 1">
      <failure type="failure" message="Scenario steps out of Given/When/Then order. Instances: 1">Location: examples/complex_project/features/scenarios/RATE/OH/rate.feature:532</failure>
    </testcase>
    <testcase classname="examples/complex_project/features/scenarios/RATE/OH/rate.feature" name="line: 536" time="0" status="Instances: 1">
      <failure type="failure" message="Scenario steps out of Given/When/Then order. Instances: 1">Location: examples/complex_project/features/scenarios/RATE/OH/rate.feature:536</failure>
    </testcase>
    <testcase classname="examples/complex_project/features/scenarios/RATE/OH/rate.feature" name="line: 540" time="0" status="Instances: 1">
      <failure type="failure" message="Scenario steps out of Given/When/Then order. Instances: 1">Location: examples/complex_project/features/scenarios/RATE/OH/rate.feature:540</failure>
    </testcase>
    <testcase classname="examples/complex_project/features/scenarios/RATE/OH/rate.feature" name="line: 540" time="0" status="Instances: 2">
      <failure type="failure" message="Implementation word used: screen. Instances: 2">Location: examples/complex_project/features/scenarios/RATE/OH/rate.feature:540</failure>
    </testcase>
    <testcase classname="examples/complex_project/features/scenarios/RATE/OH/rate.feature" name="line: 540" time="0" status="Instances: 1">
      <failure type="failure" message="Implementation word used: click. Instances: 1">Location: examples/complex_project/features/scenarios/RATE/OH/rate.feature:540</failure>
    </testcase>
    <testcase classname="examples/complex_project/features/scenarios/RATE/OH/rate.feature" name="line: 540" time="0" status="Instances: 1">
      <failure type="failure" message="Implementation word used: button. Instances: 1">Location: examples/complex_project/features/scenarios/RATE/OH/rate.feature:540</failure>
    </testcase>
  </testsuite>
  <testsuite name="examples/complex_project/features/step_definitions/my_steps.rb" tests="1" failures="1">
    <testcase classname="examples/complex_project/features/step_definitions/my_steps.rb" name="line: 1" time="0" status="Instances: 1">
      <failure type="failure" message="Lazy Debugging through puts, p, or print Instances: 1">Location: examples/complex_project/features/step_definitions/my_steps.rb:1</failure>
    </testcase>
  </testsuite>
  <testsuite name="examples/complex_project/features/step_definitions/old_steps/older_steps.rb" tests="1" failures="5">
    <testcase classname="examples/complex_project/features/step_definitions/old_steps/older_steps.rb" name="line: 1" time="0" status="Instances: 2">
      <failure type="failure" message="Lazy Debugging through puts, p, or print Instances: 2">Location: examples/complex_project/features/step_definitions/old_steps/older_steps.rb:1</failure>
    </testcase>
    <testcase classname="examples/complex_project/features/step_definitions/old_steps/older_steps.rb" name="line: 1" time="0" status="Instances: 1">
      <failure type="failure" message="Small sleeps used. Use a wait_until like method. Instances: 1">Location: examples/complex_project/features/step_definitions/old_steps/older_steps.rb:1</failure>
    </testcase>
    <testcase classname="examples/complex_project/features/step_definitions/old_steps/older_steps.rb" name="line: 7" time="0" status="Instances: 1">
      <failure type="failure" message="Lazy Debugging through puts, p, or print Instances: 1">Location: examples/complex_project/features/step_definitions/old_steps/older_steps.rb:7</failure>
    </testcase>
    <testcase classname="examples/complex_project/features/step_definitions/old_steps/older_steps.rb" name="line: 7" time="0" status="Instances: 1">
      <failure type="failure" message="Small sleeps used. Use a wait_until like method. Instances: 1">Location: examples/complex_project/features/step_definitions/old_steps/older_steps.rb:7</failure>
    </testcase>
    <testcase classname="examples/complex_project/features/step_definitions/old_steps/older_steps.rb" name="line: 7" time="0" status="Instances: 1">
      <failure type="failure" message="Large sleeps used. Use a wait_until like method. Instances: 1">Location: examples/complex_project/features/step_definitions/old_steps/older_steps.rb:7</failure>
    </testcase>
  </testsuite>
  <testsuite name="examples/complex_project/features/step_definitions/old_steps/other_team_steps.rb" tests="1" failures="5">
    <testcase classname="examples/complex_project/features/step_definitions/old_steps/other_team_steps.rb" name="line: 1" time="0" status="Instances: 3">
      <failure type="failure" message="Commented code in Step Definition. Instances: 3">Location: examples/complex_project/features/step_definitions/old_steps/other_team_steps.rb:1</failure>
    </testcase>
    <testcase classname="examples/complex_project/features/step_definitions/old_steps/other_team_steps.rb" name="line: 7" time="0" status="Instances: 3">
      <failure type="failure" message="Commented code in Step Definition. Instances: 3">Location: examples/complex_project/features/step_definitions/old_steps/other_team_steps.rb:7</failure>
    </testcase>
    <testcase classname="examples/complex_project/features/step_definitions/old_steps/other_team_steps.rb" name="line: 13" time="0" status="Instances: 3">
      <failure type="failure" message="Commented code in Step Definition. Instances: 3">Location: examples/complex_project/features/step_definitions/old_steps/other_team_steps.rb:13</failure>
    </testcase>
    <testcase classname="examples/complex_project/features/step_definitions/old_steps/other_team_steps.rb" name="line: 19" time="0" status="Instances: 3">
      <failure type="failure" message="Commented code in Step Definition. Instances: 3">Location: examples/complex_project/features/step_definitions/old_steps/other_team_steps.rb:19</failure>
    </testcase>
    <testcase classname="examples/complex_project/features/step_definitions/old_steps/other_team_steps.rb" name="line: 25" time="0" status="Instances: 3">
      <failure type="failure" message="Commented code in Step Definition. Instances: 3">Location: examples/complex_project/features/step_definitions/old_steps/other_team_steps.rb:25</failure>
    </testcase>
  </testsuite>
  <testsuite name="examples/complex_project/features/support/env.rb" tests="1" failures="2">
    <testcase classname="examples/complex_project/features/support/env.rb" name="line: 1" time="0" status="Instances: 1">
      <failure type="failure" message="Hook without a begin/rescue. Reduced visibility when debugging. Instances: 1">Location: examples/complex_project/features/support/env.rb:1</failure>
    </testcase>
    <testcase classname="examples/complex_project/features/support/env.rb" name="line: 1" time="0" status="Instances: 1">
      <failure type="failure" message="Hook found outside of the designated hooks file Instances: 1">Location: examples/complex_project/features/support/env.rb:1</failure>
    </testcase>
  </testsuite>
  <testsuite name="examples/complex_project/features/support/hooks.rb" tests="1" failures="2">
    <testcase classname="examples/complex_project/features/support/hooks.rb" name="line: 1" time="0" status="Instances: 1">
      <failure type="failure" message="Hook without a begin/rescue. Reduced visibility when debugging. Instances: 1">Location: examples/complex_project/features/support/hooks.rb:1</failure>
    </testcase>
    <testcase classname="examples/complex_project/features/support/hooks.rb" name="line: 6" time="0" status="Instances: 1">
      <failure type="failure" message="Hook without a begin/rescue. Reduced visibility when debugging. Instances: 1">Location: examples/complex_project/features/support/hooks.rb:6</failure>
    </testcase>
  </testsuite>
</testsuites>
